[     252ms] [INFO] %cDownload the React DevTools for a better development experience: https://react.dev/link/react-devtools font-weight:bold @ http://localhost:5173/node_modules/.vite/deps/chunk-FB26KIJ5.js?v=f38fc7be:19834
[     441ms] [WARNING] THREE.Clock: This module has been deprecated. Please use THREE.Timer instead. @ http://localhost:5173/node_modules/.vite/deps/chunk-ARIRFPQC.js?v=f38fc7be:746
[    8936ms] [ERROR] wasm streaming compile failed: TypeError: Failed to execute 'compile' on 'WebAssembly': Incorrect response MIME type. Expected 'application/wasm'. @ http://localhost:5173/node_modules/onnxruntime-web/dist/ort.webgpu.bundle.min.mjs?v=f38fc7be:5
[    8936ms] [ERROR] falling back to ArrayBuffer instantiation @ http://localhost:5173/node_modules/onnxruntime-web/dist/ort.webgpu.bundle.min.mjs?v=f38fc7be:5
[    8954ms] [ERROR] failed to asynchronously prepare wasm: CompileError: WebAssembly.instantiate(): expected magic word 00 61 73 6d, found 3c 21 64 6f @+0 @ http://localhost:5173/node_modules/onnxruntime-web/dist/ort.webgpu.bundle.min.mjs?v=f38fc7be:5
[    8954ms] [ERROR] Aborted(CompileError: WebAssembly.instantiate(): expected magic word 00 61 73 6d, found 3c 21 64 6f @+0) @ http://localhost:5173/node_modules/onnxruntime-web/dist/ort.webgpu.bundle.min.mjs?v=f38fc7be:5
[    8955ms] [WARNING] WebGPU embedding backend failed, falling back to WASM: Error: no available backend found. ERR: [webgpu] RuntimeError: Aborted(CompileError: WebAssembly.instantiate(): expected magic word 00 61 73 6d, found 3c 21 64 6f @+0). Build with -sASSERTIONS for more info.
    at Ta (http://localhost:5173/node_modules/onnxruntime-web/dist/ort.webgpu.bundle.min.mjs?v=f38fc7be:6:1826)
    at async a.create (http://localhost:5173/node_modules/onnxruntime-web/dist/ort.webgpu.bundle.min.mjs?v=f38fc7be:6:19893)
    at async createInferenceSession (http://localhost:5173/node_modules/@huggingface/transformers/dist/transformers.web.js?v=f38fc7be:7762:19)
    at async http://localhost:5173/node_modules/@huggingface/transformers/dist/transformers.web.js?v=f38fc7be:18572:25
    at async Promise.all (index 0)
    at async constructSessions (http://localhost:5173/node_modules/@huggingface/transformers/dist/transformers.web.js?v=f38fc7be:18562:5)
    at async Promise.all (index 0)
    at async BertModel.from_pretrained (http://localhost:5173/node_modules/@huggingface/transformers/dist/transformers.web.js?v=f38fc7be:20452:18)
    at async AutoModel.from_pretrained (http://localhost:5173/node_modules/@huggingface/transformers/dist/transformers.web.js?v=f38fc7be:27492:14)
    at async Promise.all (index 2) @ http://localhost:5173/src/workers/pipeline.worker.ts?worker_file&type=module:102
[    9394ms] [ERROR] wasm streaming compile failed: TypeError: Failed to execute 'compile' on 'WebAssembly': Incorrect response MIME type. Expected 'application/wasm'. @ http://localhost:5173/node_modules/onnxruntime-web/dist/ort.webgpu.bundle.min.mjs?v=f38fc7be:5
[    9394ms] [ERROR] falling back to ArrayBuffer instantiation @ http://localhost:5173/node_modules/onnxruntime-web/dist/ort.webgpu.bundle.min.mjs?v=f38fc7be:5
[    9418ms] [ERROR] failed to asynchronously prepare wasm: CompileError: WebAssembly.instantiate(): expected magic word 00 61 73 6d, found 3c 21 64 6f @+0 @ http://localhost:5173/node_modules/onnxruntime-web/dist/ort.webgpu.bundle.min.mjs?v=f38fc7be:5
[    9418ms] [ERROR] Aborted(CompileError: WebAssembly.instantiate(): expected magic word 00 61 73 6d, found 3c 21 64 6f @+0) @ http://localhost:5173/node_modules/onnxruntime-web/dist/ort.webgpu.bundle.min.mjs?v=f38fc7be:5
[    9419ms] [WARNING] WebGPU embedding backend failed, falling back to WASM: Error: no available backend found. ERR: [webgpu] RuntimeError: Aborted(CompileError: WebAssembly.instantiate(): expected magic word 00 61 73 6d, found 3c 21 64 6f @+0). Build with -sASSERTIONS for more info.
    at Ta (http://localhost:5173/node_modules/onnxruntime-web/dist/ort.webgpu.bundle.min.mjs?v=f38fc7be:6:1826)
    at async a.create (http://localhost:5173/node_modules/onnxruntime-web/dist/ort.webgpu.bundle.min.mjs?v=f38fc7be:6:19893)
    at async createInferenceSession (http://localhost:5173/node_modules/@huggingface/transformers/dist/transformers.web.js?v=f38fc7be:7762:19)
    at async http://localhost:5173/node_modules/@huggingface/transformers/dist/transformers.web.js?v=f38fc7be:18572:25
    at async Promise.all (index 0)
    at async constructSessions (http://localhost:5173/node_modules/@huggingface/transformers/dist/transformers.web.js?v=f38fc7be:18562:5)
    at async Promise.all (index 0)
    at async BertModel.from_pretrained (http://localhost:5173/node_modules/@huggingface/transformers/dist/transformers.web.js?v=f38fc7be:20452:18)
    at async AutoModel.from_pretrained (http://localhost:5173/node_modules/@huggingface/transformers/dist/transformers.web.js?v=f38fc7be:27492:14)
    at async Promise.all (index 2) @ http://localhost:5173/src/workers/pipeline.worker.ts?worker_file&type=module:102
[   10361ms] [ERROR] wasm streaming compile failed: TypeError: Failed to execute 'compile' on 'WebAssembly': Incorrect response MIME type. Expected 'application/wasm'. @ http://localhost:5173/node_modules/onnxruntime-web/dist/ort.webgpu.bundle.min.mjs?v=f38fc7be:5
[   10361ms] [ERROR] falling back to ArrayBuffer instantiation @ http://localhost:5173/node_modules/onnxruntime-web/dist/ort.webgpu.bundle.min.mjs?v=f38fc7be:5
[   10419ms] [ERROR] failed to asynchronously prepare wasm: CompileError: WebAssembly.instantiate(): expected magic word 00 61 73 6d, found 3c 21 64 6f @+0 @ http://localhost:5173/node_modules/onnxruntime-web/dist/ort.webgpu.bundle.min.mjs?v=f38fc7be:5
[   10420ms] [ERROR] Aborted(CompileError: WebAssembly.instantiate(): expected magic word 00 61 73 6d, found 3c 21 64 6f @+0) @ http://localhost:5173/node_modules/onnxruntime-web/dist/ort.webgpu.bundle.min.mjs?v=f38fc7be:5
[   10420ms] [WARNING] WebGPU embedding backend failed, falling back to WASM: Error: no available backend found. ERR: [webgpu] RuntimeError: Aborted(CompileError: WebAssembly.instantiate(): expected magic word 00 61 73 6d, found 3c 21 64 6f @+0). Build with -sASSERTIONS for more info.
    at Ta (http://localhost:5173/node_modules/onnxruntime-web/dist/ort.webgpu.bundle.min.mjs?v=f38fc7be:6:1826)
    at async a.create (http://localhost:5173/node_modules/onnxruntime-web/dist/ort.webgpu.bundle.min.mjs?v=f38fc7be:6:19893)
    at async createInferenceSession (http://localhost:5173/node_modules/@huggingface/transformers/dist/transformers.web.js?v=f38fc7be:7762:19)
    at async http://localhost:5173/node_modules/@huggingface/transformers/dist/transformers.web.js?v=f38fc7be:18572:25
    at async Promise.all (index 0)
    at async constructSessions (http://localhost:5173/node_modules/@huggingface/transformers/dist/transformers.web.js?v=f38fc7be:18562:5)
    at async Promise.all (index 0)
    at async BertModel.from_pretrained (http://localhost:5173/node_modules/@huggingface/transformers/dist/transformers.web.js?v=f38fc7be:20452:18)
    at async AutoModel.from_pretrained (http://localhost:5173/node_modules/@huggingface/transformers/dist/transformers.web.js?v=f38fc7be:27492:14)
    at async Promise.all (index 2) @ http://localhost:5173/src/workers/pipeline.worker.ts?worker_file&type=module:102
[   12017ms] [ERROR] wasm streaming compile failed: TypeError: Failed to execute 'compile' on 'WebAssembly': Incorrect response MIME type. Expected 'application/wasm'. @ http://localhost:5173/node_modules/onnxruntime-web/dist/ort.webgpu.bundle.min.mjs?v=f38fc7be:5
[   12017ms] [ERROR] falling back to ArrayBuffer instantiation @ http://localhost:5173/node_modules/onnxruntime-web/dist/ort.webgpu.bundle.min.mjs?v=f38fc7be:5
[   12031ms] [ERROR] failed to asynchronously prepare wasm: CompileError: WebAssembly.instantiate(): expected magic word 00 61 73 6d, found 3c 21 64 6f @+0 @ http://localhost:5173/node_modules/onnxruntime-web/dist/ort.webgpu.bundle.min.mjs?v=f38fc7be:5
[   12031ms] [ERROR] Aborted(CompileError: WebAssembly.instantiate(): expected magic word 00 61 73 6d, found 3c 21 64 6f @+0) @ http://localhost:5173/node_modules/onnxruntime-web/dist/ort.webgpu.bundle.min.mjs?v=f38fc7be:5
[   12031ms] [WARNING] WebGPU embedding backend failed, falling back to WASM: Error: no available backend found. ERR: [webgpu] RuntimeError: Aborted(CompileError: WebAssembly.instantiate(): expected magic word 00 61 73 6d, found 3c 21 64 6f @+0). Build with -sASSERTIONS for more info.
    at Ta (http://localhost:5173/node_modules/onnxruntime-web/dist/ort.webgpu.bundle.min.mjs?v=f38fc7be:6:1826)
    at async a.create (http://localhost:5173/node_modules/onnxruntime-web/dist/ort.webgpu.bundle.min.mjs?v=f38fc7be:6:19893)
    at async createInferenceSession (http://localhost:5173/node_modules/@huggingface/transformers/dist/transformers.web.js?v=f38fc7be:7762:19)
    at async http://localhost:5173/node_modules/@huggingface/transformers/dist/transformers.web.js?v=f38fc7be:18572:25
    at async Promise.all (index 0)
    at async constructSessions (http://localhost:5173/node_modules/@huggingface/transformers/dist/transformers.web.js?v=f38fc7be:18562:5)
    at async Promise.all (index 0)
    at async BertModel.from_pretrained (http://localhost:5173/node_modules/@huggingface/transformers/dist/transformers.web.js?v=f38fc7be:20452:18)
    at async AutoModel.from_pretrained (http://localhost:5173/node_modules/@huggingface/transformers/dist/transformers.web.js?v=f38fc7be:27492:14)
    at async Promise.all (index 2) @ http://localhost:5173/src/workers/pipeline.worker.ts?worker_file&type=module:102
[  186955ms] [ERROR] embedding failed for Weekly Eng Sync Notes: embed worker request timed out @ http://localhost:5173/src/pipeline/coordinator.ts:367
[  186956ms] [ERROR] embedding failed for Oncall Handoff Notes: no available backend found. ERR: [webgpu] RuntimeError: Aborted(CompileError: WebAssembly.instantiate(): expected magic word 00 61 73 6d, found 3c 21 64 6f @+0). Build with -sASSERTIONS for more info. @ http://localhost:5173/src/pipeline/coordinator.ts:367
[  186956ms] [ERROR] embedding failed for Vendor Review Notes: no available backend found. ERR: [webgpu] RuntimeError: Aborted(CompileError: WebAssembly.instantiate(): expected magic word 00 61 73 6d, found 3c 21 64 6f @+0). Build with -sASSERTIONS for more info. @ http://localhost:5173/src/pipeline/coordinator.ts:367
[  186956ms] [ERROR] embedding failed for Feature Flag Cleanup Log: embed worker request timed out @ http://localhost:5173/src/pipeline/coordinator.ts:367
[  186956ms] [ERROR] embedding failed for Postgres 16 Upgrade Plan: no available backend found. ERR: [webgpu] RuntimeError: Aborted(CompileError: WebAssembly.instantiate(): expected magic word 00 61 73 6d, found 3c 21 64 6f @+0). Build with -sASSERTIONS for more info. @ http://localhost:5173/src/pipeline/coordinator.ts:367
[  186956ms] [ERROR] embedding failed for Security Audit Report — H1 2026: no available backend found. ERR: [webgpu] RuntimeError: Aborted(CompileError: WebAssembly.instantiate(): expected magic word 00 61 73 6d, found 3c 21 64 6f @+0). Build with -sASSERTIONS for more info. @ http://localhost:5173/src/pipeline/coordinator.ts:367
[  186957ms] [ERROR] embedding failed for Platform Team Offsite — Summary Notes: no available backend found. ERR: [webgpu] RuntimeError: Aborted(CompileError: WebAssembly.instantiate(): expected magic word 00 61 73 6d, found 3c 21 64 6f @+0). Build with -sASSERTIONS for more info. @ http://localhost:5173/src/pipeline/coordinator.ts:367
[  186957ms] [ERROR] embedding failed for Post-Mortem: May Billing Outage: no available backend found. ERR: [webgpu] RuntimeError: Aborted(CompileError: WebAssembly.instantiate(): expected magic word 00 61 73 6d, found 3c 21 64 6f @+0). Build with -sASSERTIONS for more info. @ http://localhost:5173/src/pipeline/coordinator.ts:367
[  186957ms] [ERROR] embedding failed for Vendor Contract Summary — 2026 Renewals: no available backend found. ERR: [webgpu] RuntimeError: Aborted(CompileError: WebAssembly.instantiate(): expected magic word 00 61 73 6d, found 3c 21 64 6f @+0). Build with -sASSERTIONS for more info. @ http://localhost:5173/src/pipeline/coordinator.ts:367
[  186957ms] [ERROR] embedding failed for API Style Guide: no available backend found. ERR: [webgpu] RuntimeError: Aborted(CompileError: WebAssembly.instantiate(): expected magic word 00 61 73 6d, found 3c 21 64 6f @+0). Build with -sASSERTIONS for more info. @ http://localhost:5173/src/pipeline/coordinator.ts:367
[  186957ms] [ERROR] embedding failed for Engineering Hiring Plan — H2 2026: no available backend found. ERR: [webgpu] RuntimeError: Aborted(CompileError: WebAssembly.instantiate(): expected magic word 00 61 73 6d, found 3c 21 64 6f @+0). Build with -sASSERTIONS for more info. @ http://localhost:5173/src/pipeline/coordinator.ts:367
[  186957ms] [ERROR] embedding failed for Data Privacy Policy (Internal): no available backend found. ERR: [webgpu] RuntimeError: Aborted(CompileError: WebAssembly.instantiate(): expected magic word 00 61 73 6d, found 3c 21 64 6f @+0). Build with -sASSERTIONS for more info. @ http://localhost:5173/src/pipeline/coordinator.ts:367
[  186957ms] [ERROR] embedding failed for Disaster Recovery Plan: no available backend found. ERR: [webgpu] RuntimeError: Aborted(CompileError: WebAssembly.instantiate(): expected magic word 00 61 73 6d, found 3c 21 64 6f @+0). Build with -sASSERTIONS for more info. @ http://localhost:5173/src/pipeline/coordinator.ts:367
[  186957ms] [ERROR] embedding failed for Engineering OKRs — Q3 2026: no available backend found. ERR: [webgpu] RuntimeError: Aborted(CompileError: WebAssembly.instantiate(): expected magic word 00 61 73 6d, found 3c 21 64 6f @+0). Build with -sASSERTIONS for more info. @ http://localhost:5173/src/pipeline/coordinator.ts:367
[  186957ms] [ERROR] embedding failed for Q3 Platform Roadmap Review: no available backend found. ERR: [webgpu] RuntimeError: Aborted(CompileError: WebAssembly.instantiate(): expected magic word 00 61 73 6d, found 3c 21 64 6f @+0). Build with -sASSERTIONS for more info. @ http://localhost:5173/src/pipeline/coordinator.ts:367
[  186957ms] [ERROR] embedding failed for Customer Support Escalations: no available backend found. ERR: [webgpu] RuntimeError: Aborted(CompileError: WebAssembly.instantiate(): expected magic word 00 61 73 6d, found 3c 21 64 6f @+0). Build with -sASSERTIONS for more info. @ http://localhost:5173/src/pipeline/coordinator.ts:367
[  186957ms] [ERROR] embedding failed for Capacity Planning Notes: no available backend found. ERR: [webgpu] RuntimeError: Aborted(CompileError: WebAssembly.instantiate(): expected magic word 00 61 73 6d, found 3c 21 64 6f @+0). Build with -sASSERTIONS for more info. @ http://localhost:5173/src/pipeline/coordinator.ts:367
[  186957ms] [ERROR] embedding failed for Incident Response Training: no available backend found. ERR: [webgpu] RuntimeError: Aborted(CompileError: WebAssembly.instantiate(): expected magic word 00 61 73 6d, found 3c 21 64 6f @+0). Build with -sASSERTIONS for more info. @ http://localhost:5173/src/pipeline/coordinator.ts:367
[  186957ms] [ERROR] embedding failed for Architecture All-Hands: no available backend found. ERR: [webgpu] RuntimeError: Aborted(CompileError: WebAssembly.instantiate(): expected magic word 00 61 73 6d, found 3c 21 64 6f @+0). Build with -sASSERTIONS for more info. @ http://localhost:5173/src/pipeline/coordinator.ts:367
[  186957ms] [ERROR] embedding failed for Migration Checklist: no available backend found. ERR: [webgpu] RuntimeError: Aborted(CompileError: WebAssembly.instantiate(): expected magic word 00 61 73 6d, found 3c 21 64 6f @+0). Build with -sASSERTIONS for more info. @ http://localhost:5173/src/pipeline/coordinator.ts:367
[  186957ms] [ERROR] embedding failed for Load Test Results: no available backend found. ERR: [webgpu] RuntimeError: Aborted(CompileError: WebAssembly.instantiate(): expected magic word 00 61 73 6d, found 3c 21 64 6f @+0). Build with -sASSERTIONS for more info. @ http://localhost:5173/src/pipeline/coordinator.ts:367
[  186957ms] [ERROR] embedding failed for Customer Incident Report — April 8, 2026 Search Degradation: no available backend found. ERR: [webgpu] RuntimeError: Aborted(CompileError: WebAssembly.instantiate(): expected magic word 00 61 73 6d, found 3c 21 64 6f @+0). Build with -sASSERTIONS for more info. @ http://localhost:5173/src/pipeline/coordinator.ts:367
[  186958ms] [ERROR] embedding failed for New Engineer Onboarding Checklist: no available backend found. ERR: [webgpu] RuntimeError: Aborted(CompileError: WebAssembly.instantiate(): expected magic word 00 61 73 6d, found 3c 21 64 6f @+0). Build with -sASSERTIONS for more info. @ http://localhost:5173/src/pipeline/coordinator.ts:367
[  186958ms] [ERROR] embedding failed for Cloud Cost Analysis — FY2026 Mid-Year: no available backend found. ERR: [webgpu] RuntimeError: Aborted(CompileError: WebAssembly.instantiate(): expected magic word 00 61 73 6d, found 3c 21 64 6f @+0). Build with -sASSERTIONS for more info. @ http://localhost:5173/src/pipeline/coordinator.ts:367
[  186958ms] [ERROR] embedding failed for GDPR Data Protection Impact Assessment — Analytics Pipeline: no available backend found. ERR: [webgpu] RuntimeError: Aborted(CompileError: WebAssembly.instantiate(): expected magic word 00 61 73 6d, found 3c 21 64 6f @+0). Build with -sASSERTIONS for more info. @ http://localhost:5173/src/pipeline/coordinator.ts:367
[  186958ms] [ERROR] embedding failed for SOC 2 Type II Independent Service Auditor’s Report: no available backend found. ERR: [webgpu] RuntimeError: Aborted(CompileError: WebAssembly.instantiate(): expected magic word 00 61 73 6d, found 3c 21 64 6f @+0). Build with -sASSERTIONS for more info. @ http://localhost:5173/src/pipeline/coordinator.ts:367
[  186958ms] [ERROR] embedding failed for Network Architecture Overview: no available backend found. ERR: [webgpu] RuntimeError: Aborted(CompileError: WebAssembly.instantiate(): expected magic word 00 61 73 6d, found 3c 21 64 6f @+0). Build with -sASSERTIONS for more info. @ http://localhost:5173/src/pipeline/coordinator.ts:367
[  186958ms] [ERROR] embedding failed for Employee Benefits Overview 2026: no available backend found. ERR: [webgpu] RuntimeError: Aborted(CompileError: WebAssembly.instantiate(): expected magic word 00 61 73 6d, found 3c 21 64 6f @+0). Build with -sASSERTIONS for more info. @ http://localhost:5173/src/pipeline/coordinator.ts:367
[  186958ms] [ERROR] embedding failed for Quarterly Business Review — Q2 2026: no available backend found. ERR: [webgpu] RuntimeError: Aborted(CompileError: WebAssembly.instantiate(): expected magic word 00 61 73 6d, found 3c 21 64 6f @+0). Build with -sASSERTIONS for more info. @ http://localhost:5173/src/pipeline/coordinator.ts:367
[  186958ms] [ERROR] embedding failed for External Penetration Test Report — Spring 2026: no available backend found. ERR: [webgpu] RuntimeError: Aborted(CompileError: WebAssembly.instantiate(): expected magic word 00 61 73 6d, found 3c 21 64 6f @+0). Build with -sASSERTIONS for more info. @ http://localhost:5173/src/pipeline/coordinator.ts:367
[  186958ms] [ERROR] embedding failed for API Gateway Benchmark Report: no available backend found. ERR: [webgpu] RuntimeError: Aborted(CompileError: WebAssembly.instantiate(): expected magic word 00 61 73 6d, found 3c 21 64 6f @+0). Build with -sASSERTIONS for more info. @ http://localhost:5173/src/pipeline/coordinator.ts:367
[  186958ms] [ERROR] embedding failed for Customer Case Study — Acme Logistics: no available backend found. ERR: [webgpu] RuntimeError: Aborted(CompileError: WebAssembly.instantiate(): expected magic word 00 61 73 6d, found 3c 21 64 6f @+0). Build with -sASSERTIONS for more info. @ http://localhost:5173/src/pipeline/coordinator.ts:367
[  186958ms] [ERROR] embedding failed for Enterprise Service Level Agreement: no available backend found. ERR: [webgpu] RuntimeError: Aborted(CompileError: WebAssembly.instantiate(): expected magic word 00 61 73 6d, found 3c 21 64 6f @+0). Build with -sASSERTIONS for more info. @ http://localhost:5173/src/pipeline/coordinator.ts:367
[  186958ms] [ERROR] embedding failed for Postgres Performance Tuning Guide: no available backend found. ERR: [webgpu] RuntimeError: Aborted(CompileError: WebAssembly.instantiate(): expected magic word 00 61 73 6d, found 3c 21 64 6f @+0). Build with -sASSERTIONS for more info. @ http://localhost:5173/src/pipeline/coordinator.ts:367
[  186958ms] [ERROR] embedding failed for ISO/IEC 27001:2022 Certificate of Registration: no available backend found. ERR: [webgpu] RuntimeError: Aborted(CompileError: WebAssembly.instantiate(): expected magic word 00 61 73 6d, found 3c 21 64 6f @+0). Build with -sASSERTIONS for more info. @ http://localhost:5173/src/pipeline/coordinator.ts:367
[  186958ms] [ERROR] embedding failed for Kubernetes Training Handout — Platform Basics: no available backend found. ERR: [webgpu] RuntimeError: Aborted(CompileError: WebAssembly.instantiate(): expected magic word 00 61 73 6d, found 3c 21 64 6f @+0). Build with -sASSERTIONS for more info. @ http://localhost:5173/src/pipeline/coordinator.ts:367
